<?xml version="1.0" encoding="UTF-8"?>
<!-- Generated by org.testng.reporters.JUnitReportReporter -->
<testsuite skipped="1" hostname="Rabias-MacBook-Pro.local" name="com.project.zoho.testcases.LoginTest" tests="2" failures="0" timestamp="22 Apr 2017 14:12:14 GMT" time="74.165" errors="0">
  <testcase name="doLoginTest" time="0.016" classname="com.project.zoho.testcases.LoginTest">
    <skipped/>
  </testcase> <!-- doLoginTest -->
  <testcase name="doLoginTest" time="74.149" classname="com.project.zoho.testcases.LoginTest"/>
</testsuite> <!-- com.project.zoho.testcases.LoginTest -->
