<?xml version="1.0" encoding="UTF-8"?>
<!-- Generated by org.testng.reporters.JUnitReportReporter -->
<testsuite skipped="0" hostname="Rabias-MacBook-Pro.local" name="com.project.zoho.testcases.DummyTestA" tests="1" failures="0" timestamp="22 Apr 2017 07:35:32 GMT" time="0.013" errors="0">
  <testcase name="test" time="0.013" classname="com.project.zoho.testcases.DummyTestA"/>
</testsuite> <!-- com.project.zoho.testcases.DummyTestA -->
