<?xml version="1.0" encoding="UTF-8"?>
<!-- Generated by org.testng.reporters.JUnitReportReporter -->
<testsuite skipped="4" hostname="Rabias-MacBook-Pro.local" name="com.project.zoho.testcases.LoginTest" tests="4" failures="0" timestamp="11 May 2017 10:10:22 GMT" time="1.875" errors="0">
  <testcase name="doLoginTest" time="0.453" classname="com.project.zoho.testcases.LoginTest">
    <skipped/>
  </testcase> <!-- doLoginTest -->
  <testcase name="doLoginTest" time="0.404" classname="com.project.zoho.testcases.LoginTest">
    <skipped/>
  </testcase> <!-- doLoginTest -->
  <testcase name="doLoginTest" time="0.529" classname="com.project.zoho.testcases.LoginTest">
    <skipped/>
  </testcase> <!-- doLoginTest -->
  <testcase name="doLoginTest" time="0.489" classname="com.project.zoho.testcases.LoginTest">
    <skipped/>
  </testcase> <!-- doLoginTest -->
</testsuite> <!-- com.project.zoho.testcases.LoginTest -->
